Running: C:\Xilinx\14.7\ISE_DS\ISE\bin\nt64\unwrapped\fuse.exe -intstyle ise -incremental -lib unisims_ver -lib unimacro_ver -lib xilinxcorelib_ver -lib secureip -o C:/Users/10791/co_P7/mips_txt_isim_beh.exe -prj C:/Users/10791/co_P7/mips_txt_beh.prj work.mips_txt work.glbl 
ISim P.20131013 (signature 0x7708f090)
Number of CPUs detected in this system: 2
Turning on mult-threading, number of parallel sub-compilation jobs: 4 
Determining compilation order of HDL files
Analyzing Verilog file "C:/Users/10791/co_P7/P7_code/MUX.v" into library work
Analyzing Verilog file "C:/Users/10791/co_P7/P7_code/MemOp.v" into library work
Analyzing Verilog file "C:/Users/10791/co_P7/P7_code/WriteBackReg.v" into library work
Analyzing Verilog file "C:/Users/10791/co_P7/P7_code/PCcalculate.v" into library work
Analyzing Verilog file "C:/Users/10791/co_P7/P7_code/pc.v" into library work
Analyzing Verilog file "C:/Users/10791/co_P7/P7_code/muldiv.v" into library work
Analyzing Verilog file "C:/Users/10791/co_P7/P7_code/MemoryReg.v" into library work
Analyzing Verilog file "C:/Users/10791/co_P7/P7_code/grf.v" into library work
Analyzing Verilog file "C:/Users/10791/co_P7/P7_code/extender.v" into library work
Analyzing Verilog file "C:/Users/10791/co_P7/P7_code/ExecuteReg.v" into library work
Analyzing Verilog file "C:/Users/10791/co_P7/P7_code/DecodeReg.v" into library work
Analyzing Verilog file "C:/Users/10791/co_P7/P7_code/CP0.v" into library work
Analyzing Verilog file "C:/Users/10791/co_P7/P7_code/controller.v" into library work
Analyzing Verilog file "C:/Users/10791/co_P7/P7_code/Comparator.v" into library work
Analyzing Verilog file "C:/Users/10791/co_P7/P7_code/BE.v" into library work
Analyzing Verilog file "C:/Users/10791/co_P7/P7_code/alu.v" into library work
Analyzing Verilog file "C:/Users/10791/co_P7/P7_code/adder.v" into library work
Analyzing Verilog file "C:/Users/10791/co_P7/P7_code/P7_standard_timer_2019.v" into library work
Analyzing Verilog file "C:/Users/10791/co_P7/P7_code/datpath1.v" into library work
Analyzing Verilog file "C:/Users/10791/co_P7/P7_code/Bridge.v" into library work
Analyzing Verilog file "C:/Users/10791/co_P7/P7_code/mips.v" into library work
Analyzing Verilog file "C:/Users/10791/co_P7/P7_code/tb2.v" into library work
Analyzing Verilog file "C:/Xilinx/14.7/ISE_DS/ISE//verilog/src/glbl.v" into library work
Starting static elaboration
WARNING:HDLCompiler:1016 - "C:/Users/10791/co_P7/P7_code/datpath1.v" Line 212: Port x6 is not connected to this instance
WARNING:HDLCompiler:1016 - "C:/Users/10791/co_P7/P7_code/datpath1.v" Line 222: Port x6 is not connected to this instance
WARNING:HDLCompiler:1016 - "C:/Users/10791/co_P7/P7_code/datpath1.v" Line 304: Port JUMP is not connected to this instance
WARNING:HDLCompiler:1016 - "C:/Users/10791/co_P7/P7_code/datpath1.v" Line 409: Port RD is not connected to this instance
WARNING:HDLCompiler:1016 - "C:/Users/10791/co_P7/P7_code/datpath1.v" Line 463: Port zero is not connected to this instance
WARNING:HDLCompiler:1016 - "C:/Users/10791/co_P7/P7_code/datpath1.v" Line 552: Port RD is not connected to this instance
WARNING:HDLCompiler:1016 - "C:/Users/10791/co_P7/P7_code/datpath1.v" Line 615: Port ALUSrc is not connected to this instance
WARNING:HDLCompiler:1016 - "C:/Users/10791/co_P7/P7_code/datpath1.v" Line 629: Port x6 is not connected to this instance
Completed static elaboration
Compiling module lbgen
Compiling module lbugen
Compiling module lhgen
Compiling module lhugen
Compiling module sbByteenGen
Compiling module shByteenGen
Compiling module swByteenGen
Compiling module mux16
Compiling module BE
Compiling module mux2
Compiling module mux4
Compiling module PCcalculate
Compiling module pc
Compiling module adder
Compiling module DecodeReg
Compiling module grf
Compiling module controller
Compiling module bpnal
Compiling module btheq
Compiling module Comparator
Compiling module extender
Compiling module ExecuteReg
Compiling module swc
Compiling module add
Compiling module sub
Compiling module alu
Compiling module muldiv
Compiling module CP0
Compiling module MemoryReg
Compiling module WriteBackReg
Compiling module Hcontroller
Compiling module datapath
Compiling module TC
Compiling module Bridge
Compiling module mips
Compiling module mips_txt
Compiling module glbl
Time Resolution for simulation is 1ps.
Waiting for 34 sub-compilation(s) to finish...
WARNING:Simulator - Unable to copy libPortabilityNOSH.dll to the simulation executable directory: boost::filesystem::copy_file: 系统找不到指定的路径。, "isim\mips_txt_isim_beh.exe.sim\libPortability.dll".
Compiled 37 Verilog Units
Built simulation executable C:/Users/10791/co_P7/mips_txt_isim_beh.exe
Fuse Memory Usage: 32600 KB
Fuse CPU Usage: 577 ms
