ISim log file
Running: C:\Users\10791\co_P7\mips_txt_isim_beh.exe -intstyle ise -gui -tclbatch isim.cmd -wdb C:/Users/10791/co_P7/mips_txt_isim_beh.wdb 
ISim P.20131013 (signature 0x7708f090)
----------------------------------------------------------------------
WARNING:Security:42 - Your software subscription period has lapsed. Your current version of Xilinx tools will continue to function, but you no longer qualify for Xilinx software updates or new releases.


----------------------------------------------------------------------
This is a Full version of ISim.
Time resolution is 1 ps
# onerror resume
# wave add /
# run 1000 ns
Simulator is doing circuit initialization process.
Finished circuit initialization process.
                  19@00003000: $ 1 <= ffff0000
                  21@00003004: $ 1 <= fffffc01
                  25@0000300c: $ 2 <= ffff0000
                  35@00004180: $26 <= 00001000
                  37@00004184: $27 <= 00003010
                  39@00004188: $27 <= 0000007c
                  41@0000418c: $26 <= 00000000
                  49@000041ac: $27 <= 00002137
                  61@00003010: $ 2 <= ffff1234
                  71@00004180: $26 <= 00001000
                  73@00004184: $27 <= 00003014
                  75@00004188: $27 <= 0000007c
                  77@0000418c: $26 <= 00000000
                  85@000041ac: $27 <= 00002137
                  95@00003014: *00000000 <= ffff1234
                  99@00003018: $ 3 <= 0000fc01
                 109@00004180: $26 <= 00001000
                 111@00004184: $27 <= 0000301c
                 113@00004188: $27 <= 0000007c
                 115@0000418c: $26 <= 00000000
                 123@000041ac: $27 <= 00002137
                 145@00004180: $26 <= 00001000
                 147@00004184: $27 <= 00003020
                 149@00004188: $27 <= 0000007c
                 151@0000418c: $26 <= 00000000
                 159@000041ac: $27 <= 00002137
                 171@00003020: $ 4 <= ffff1234
                 173@00003024: $ 5 <= ffff1234
                 183@00004180: $26 <= 00001000
                 185@00004184: $27 <= 00003028
                 187@00004188: $27 <= 0000007c
                 189@0000418c: $26 <= 00000000
                 197@000041ac: $27 <= 00002137
                 209@00003028: $ 6 <= fffe2468
                 211@0000302c: $ 7 <= 7fff0000
                 213@00003030: $ 8 <= 7fff0000
                 223@00004180: $26 <= 00001000
                 225@00004184: $27 <= 00003034
                 227@00004188: $27 <= 0000007c
                 229@0000418c: $26 <= 00000000
                 237@000041ac: $27 <= 00002137
                 259@00004180: $26 <= 80001000
                 261@00004184: $27 <= 00003034
                 263@00004188: $27 <= 0000007c
                 265@0000418c: $26 <= 00000000
                 273@000041ac: $27 <= 00002137
                 295@00004180: $26 <= 80000030
                 297@00004184: $27 <= 00003034
                 299@00004188: $27 <= 0000007c
                 301@0000418c: $26 <= 00000030
                 309@00004198: $26 <= 00003034
                 313@0000419c: $26 <= 00003038
                 333@00004180: $26 <= 00000030
                 335@00004184: $27 <= 00003038
                 337@00004188: $27 <= 0000007c
                 339@0000418c: $26 <= 00000030
                 347@00004198: $26 <= 00003038
                 351@0000419c: $26 <= 0000303c
                 371@00004180: $26 <= 00001000
                 373@00004184: $27 <= 0000303c
                 375@00004188: $27 <= 0000007c
                 377@0000418c: $26 <= 00000000
                 385@000041ac: $27 <= 00002137
                 397@0000303c: $10 <= 00000001
                 399@00003040: $11 <= 00000002
                 415@00004180: $26 <= 00000020
                 417@00004184: $27 <= 00003050
                 419@00004188: $27 <= 0000007c
                 421@0000418c: $26 <= 00000020
                 429@00004198: $26 <= 00003050
                 433@0000419c: $26 <= 00003054
                 455@00004180: $26 <= 00000020
                 457@00004184: $27 <= 00003058
                 459@00004188: $27 <= 0000007c
                 461@0000418c: $26 <= 00000020
                 469@00004198: $26 <= 00003058
                 473@0000419c: $26 <= 0000305c
                 495@00004180: $26 <= 00000020
                 497@00004184: $27 <= 00003060
                 499@00004188: $27 <= 0000007c
                 501@0000418c: $26 <= 00000020
                 509@00004198: $26 <= 00003060
                 513@0000419c: $26 <= 00003064
                 535@00004180: $26 <= 00000020
                 537@00004184: $27 <= 00003068
                 539@00004188: $27 <= 0000007c
                 541@0000418c: $26 <= 00000020
                 549@00004198: $26 <= 00003068
                 553@0000419c: $26 <= 0000306c
                 565@0000306c: $10 <= 7fff0000
                 567@00003070: $11 <= 7fff0000
                 581@00004180: $26 <= 80001000
                 583@00004184: $27 <= 00003078
                 585@00004188: $27 <= 0000007c
                 587@0000418c: $26 <= 00000000
                 595@000041ac: $27 <= 00002137
                 609@0000307c: $12 <= 00000000
                 611@00003088: $13 <= 00000001
